[debug] [2019-11-18T15:01:31.422Z] ----------------------------------------------------------------------
[debug] [2019-11-18T15:01:31.424Z] Command:       /home/laboratoria/.nvm/versions/node/v12.11.1/bin/node /home/laboratoria/.nvm/versions/node/v12.11.1/bin/firebase init
[debug] [2019-11-18T15:01:31.424Z] CLI Version:   7.5.0
[debug] [2019-11-18T15:01:31.424Z] Platform:      linux
[debug] [2019-11-18T15:01:31.424Z] Node Version:  v12.11.1
[debug] [2019-11-18T15:01:31.424Z] Time:          Mon Nov 18 2019 13:01:31 GMT-0200 (Brasilia Summer Time)
[debug] [2019-11-18T15:01:31.424Z] ----------------------------------------------------------------------
[debug] 
[debug] [2019-11-18T15:01:31.429Z] > command requires scopes: ["email","openid","https://www.googleapis.com/auth/cloudplatformprojects.readonly","https://www.googleapis.com/auth/firebase","https://www.googleapis.com/auth/cloud-platform"]
[debug] [2019-11-18T15:01:31.429Z] > authorizing via signed-in user
[info] 
     ######## #### ########  ######## ########     ###     ######  ########
     ##        ##  ##     ## ##       ##     ##  ##   ##  ##       ##
     ######    ##  ########  ######   ########  #########  ######  ######
     ##        ##  ##    ##  ##       ##     ## ##     ##       ## ##
     ##       #### ##     ## ######## ########  ##     ##  ######  ########

You're about to initialize a Firebase project in this directory:

  /home/laboratoria/Literarea

[info] 
=== Project Setup
[info] 
[info] First, let's associate this project directory with a Firebase project.
[info] You can create multiple project aliases by running firebase use --add, 
[info] but for now we'll just set up a default project.
[info] 
[debug] [2019-11-18T15:03:11.010Z] TypeError: Cannot read property 'setRawMode' of null
    at ReadStream.setRawMode (tty.js:71:28)
    at Interface._setRawMode (readline.js:277:16)
    at Interface.close (readline.js:400:10)
    at ReadStream.ontermend (readline.js:187:10)
    at ReadStream.emit (events.js:215:7)
    at ReadStream.EventEmitter.emit (domain.js:476:20)
    at endReadableNT (_stream_readable.js:1183:12)
    at processTicksAndRejections (internal/process/task_queues.js:80:21)
